[ 2016-12-05T15:06:00+08:00 ] 127.0.0.1 /
INFO: [ app_init ] --START--
INFO: Run Behavior\BuildLiteBehavior [ RunTime:0.000014s ]
INFO: [ app_init ] --END-- [ RunTime:0.000559s ]
INFO: [ app_begin ] --START--
INFO: Run Behavior\ReadHtmlCacheBehavior [ RunTime:0.000795s ]
INFO: [ app_begin ] --END-- [ RunTime:0.000847s ]

[ 2016-12-05T15:06:00+08:00 ] 127.0.0.1 /index.php/home/user/login.html
INFO: [ app_init ] --START--
INFO: Run Behavior\BuildLiteBehavior [ RunTime:0.000011s ]
INFO: [ app_init ] --END-- [ RunTime:0.000327s ]
INFO: [ app_begin ] --START--
INFO: Run Behavior\ReadHtmlCacheBehavior [ RunTime:0.000442s ]
INFO: [ app_begin ] --END-- [ RunTime:0.000492s ]
SQL: select max(create_time) as max from ks_question  [ RunTime:0.0003s ]
SQL: SHOW COLUMNS FROM `ks_question` [ RunTime:0.0024s ]
SQL: SELECT * FROM `ks_question` WHERE `question_type` = 1  [ RunTime:0.0005s ]
SQL: SELECT * FROM `ks_question` WHERE `question_type` = 2  [ RunTime:0.0008s ]
INFO: [ view_parse ] --START--
INFO: [ template_filter ] --START--
INFO: Run Behavior\ContentReplaceBehavior [ RunTime:0.000052s ]
INFO: [ template_filter ] --END-- [ RunTime:0.000098s ]
INFO: Run Behavior\ParseTemplateBehavior [ RunTime:0.023414s ]
INFO: [ view_parse ] --END-- [ RunTime:0.023463s ]
INFO: [ view_filter ] --START--
INFO: Run Behavior\WriteHtmlCacheBehavior [ RunTime:0.000487s ]
INFO: [ view_filter ] --END-- [ RunTime:0.000521s ]
INFO: [ app_end ] --START--
INFO: Run Behavior\ShowPageTraceBehavior [ RunTime:0.000612s ]
INFO: [ app_end ] --END-- [ RunTime:0.000646s ]

[ 2016-12-05T15:06:00+08:00 ] 127.0.0.1 /index.php/Home/User/verify_c.html
INFO: [ app_init ] --START--
INFO: Run Behavior\BuildLiteBehavior [ RunTime:0.000012s ]
INFO: [ app_init ] --END-- [ RunTime:0.000372s ]
INFO: [ app_begin ] --START--
INFO: Run Behavior\ReadHtmlCacheBehavior [ RunTime:0.000401s ]
INFO: [ app_begin ] --END-- [ RunTime:0.000444s ]
INFO: [ app_end ] --START--
INFO: Run Behavior\ShowPageTraceBehavior [ RunTime:0.000866s ]
INFO: [ app_end ] --END-- [ RunTime:0.000968s ]

[ 2016-12-05T15:06:12+08:00 ] 127.0.0.1 /index.php/home/user/handleLogin.html
INFO: [ app_init ] --START--
INFO: Run Behavior\BuildLiteBehavior [ RunTime:0.000014s ]
INFO: [ app_init ] --END-- [ RunTime:0.000480s ]
INFO: [ app_begin ] --START--
INFO: Run Behavior\ReadHtmlCacheBehavior [ RunTime:0.000650s ]
INFO: [ app_begin ] --END-- [ RunTime:0.000702s ]
SQL: SHOW COLUMNS FROM `ks_user` [ RunTime:0.0027s ]
SQL: SELECT * FROM `ks_user` WHERE `idcard` = '220322199301118333' AND `password` = 'b3ddbc502e307665f346cbd6e52cc10d' LIMIT 1   [ RunTime:0.0003s ]
INFO: [ view_parse ] --START--
INFO: [ template_filter ] --START--
INFO: Run Behavior\ContentReplaceBehavior [ RunTime:0.000053s ]
INFO: [ template_filter ] --END-- [ RunTime:0.000103s ]
INFO: Run Behavior\ParseTemplateBehavior [ RunTime:0.019999s ]
INFO: [ view_parse ] --END-- [ RunTime:0.020065s ]
INFO: [ view_filter ] --START--
INFO: Run Behavior\WriteHtmlCacheBehavior [ RunTime:0.000523s ]
INFO: [ view_filter ] --END-- [ RunTime:0.000577s ]

[ 2016-12-05T15:08:15+08:00 ] 127.0.0.1 /index.php/Home/User/verify_c?0.9965456327718254
INFO: [ app_init ] --START--
INFO: Run Behavior\BuildLiteBehavior [ RunTime:0.000013s ]
INFO: [ app_init ] --END-- [ RunTime:0.000497s ]
INFO: [ app_begin ] --START--
INFO: Run Behavior\ReadHtmlCacheBehavior [ RunTime:0.000529s ]
INFO: [ app_begin ] --END-- [ RunTime:0.000576s ]
INFO: [ app_end ] --START--
INFO: Run Behavior\ShowPageTraceBehavior [ RunTime:0.000643s ]
INFO: [ app_end ] --END-- [ RunTime:0.000706s ]

[ 2016-12-05T15:08:16+08:00 ] 127.0.0.1 /index.php/Home/User/verify_c?0.7801810617229332
INFO: [ app_init ] --START--
INFO: Run Behavior\BuildLiteBehavior [ RunTime:0.000011s ]
INFO: [ app_init ] --END-- [ RunTime:0.000346s ]
INFO: [ app_begin ] --START--
INFO: Run Behavior\ReadHtmlCacheBehavior [ RunTime:0.000609s ]
INFO: [ app_begin ] --END-- [ RunTime:0.000676s ]
INFO: [ app_end ] --START--
INFO: Run Behavior\ShowPageTraceBehavior [ RunTime:0.000561s ]
INFO: [ app_end ] --END-- [ RunTime:0.000624s ]

[ 2016-12-05T15:08:21+08:00 ] 127.0.0.1 /index.php/home/user/handleLogin.html
INFO: [ app_init ] --START--
INFO: Run Behavior\BuildLiteBehavior [ RunTime:0.000015s ]
INFO: [ app_init ] --END-- [ RunTime:0.000418s ]
INFO: [ app_begin ] --START--
INFO: Run Behavior\ReadHtmlCacheBehavior [ RunTime:0.000628s ]
INFO: [ app_begin ] --END-- [ RunTime:0.000694s ]
SQL: SHOW COLUMNS FROM `ks_user` [ RunTime:0.0026s ]
SQL: SELECT * FROM `ks_user` WHERE `idcard` = '220322199301118333' AND `password` = '200820e3227815ed1756a6b531e7e0d2' LIMIT 1   [ RunTime:0.0003s ]
INFO: [ view_parse ] --START--
INFO: [ template_filter ] --START--
INFO: Run Behavior\ContentReplaceBehavior [ RunTime:0.000039s ]
INFO: [ template_filter ] --END-- [ RunTime:0.000080s ]
INFO: Run Behavior\ParseTemplateBehavior [ RunTime:0.004983s ]
INFO: [ view_parse ] --END-- [ RunTime:0.005021s ]
INFO: [ view_filter ] --START--
INFO: Run Behavior\WriteHtmlCacheBehavior [ RunTime:0.000369s ]
INFO: [ view_filter ] --END-- [ RunTime:0.000397s ]

[ 2016-12-05T15:08:41+08:00 ] 127.0.0.1 /index.php/Home/User/verify_c?0.29769704240856787
INFO: [ app_init ] --START--
INFO: Run Behavior\BuildLiteBehavior [ RunTime:0.000012s ]
INFO: [ app_init ] --END-- [ RunTime:0.000494s ]
INFO: [ app_begin ] --START--
INFO: Run Behavior\ReadHtmlCacheBehavior [ RunTime:0.000586s ]
INFO: [ app_begin ] --END-- [ RunTime:0.000639s ]
INFO: [ app_end ] --START--
INFO: Run Behavior\ShowPageTraceBehavior [ RunTime:0.000668s ]
INFO: [ app_end ] --END-- [ RunTime:0.000729s ]

[ 2016-12-05T15:08:47+08:00 ] 127.0.0.1 /index.php/home/user/handleLogin.html
INFO: [ app_init ] --START--
INFO: Run Behavior\BuildLiteBehavior [ RunTime:0.000012s ]
INFO: [ app_init ] --END-- [ RunTime:0.000461s ]
INFO: [ app_begin ] --START--
INFO: Run Behavior\ReadHtmlCacheBehavior [ RunTime:0.000471s ]
INFO: [ app_begin ] --END-- [ RunTime:0.000524s ]
SQL: SHOW COLUMNS FROM `ks_user` [ RunTime:0.0042s ]
SQL: SELECT * FROM `ks_user` WHERE `idcard` = '220322199301118333' AND `password` = '46f94c8de14fb36680850768ff1b7f2a' LIMIT 1   [ RunTime:0.0004s ]
SQL: SHOW COLUMNS FROM `ks_user_session` [ RunTime:0.0024s ]
SQL: UPDATE `ks_user_session` SET `last_login_time`='1480921727',`last_logout_time`='1480921727',`session_id`='bsqjtcolkgoa67mtdmtqr4l7t3',`ip`='127.0.0.1' WHERE `user_id` = 7 [ RunTime:0.0381s ]
SQL: UPDATE `ks_user` SET `last_login_time`='1480921727' WHERE `id` = 7 [ RunTime:0.0003s ]
INFO: [ view_parse ] --START--
INFO: [ template_filter ] --START--
INFO: Run Behavior\ContentReplaceBehavior [ RunTime:0.000044s ]
INFO: [ template_filter ] --END-- [ RunTime:0.000088s ]
INFO: Run Behavior\ParseTemplateBehavior [ RunTime:0.005472s ]
INFO: [ view_parse ] --END-- [ RunTime:0.005522s ]
INFO: [ view_filter ] --START--
INFO: Run Behavior\WriteHtmlCacheBehavior [ RunTime:0.000401s ]
INFO: [ view_filter ] --END-- [ RunTime:0.000456s ]
INFO: [ app_end ] --START--
INFO: Run Behavior\ShowPageTraceBehavior [ RunTime:0.000522s ]
INFO: [ app_end ] --END-- [ RunTime:0.000559s ]

[ 2016-12-05T15:08:48+08:00 ] 127.0.0.1 /index.php/home/index/index.html
INFO: [ app_init ] --START--
INFO: Run Behavior\BuildLiteBehavior [ RunTime:0.000018s ]
INFO: [ app_init ] --END-- [ RunTime:0.000763s ]
INFO: [ app_begin ] --START--
INFO: Run Behavior\ReadHtmlCacheBehavior [ RunTime:0.000838s ]
INFO: [ app_begin ] --END-- [ RunTime:0.000916s ]
SQL: SHOW COLUMNS FROM `ks_user` [ RunTime:0.0026s ]
SQL: SELECT * FROM `ks_user` WHERE `id` = 7 LIMIT 1   [ RunTime:0.0003s ]
SQL: SHOW COLUMNS FROM `ks_user_session` [ RunTime:0.0030s ]
SQL: SELECT * FROM `ks_user_session` WHERE `user_id` = 7 LIMIT 1   [ RunTime:0.0003s ]
SQL: SHOW COLUMNS FROM `ks_user` [ RunTime:0.0029s ]
SQL: UPDATE `ks_user` SET `time_length`=time_length-1 WHERE `id` = 7 [ RunTime:0.0003s ]
SQL: SHOW COLUMNS FROM `ks_user_session` [ RunTime:0.0024s ]
SQL: UPDATE `ks_user_session` SET `last_logout_time`='1480921728' WHERE `user_id` = 7 [ RunTime:0.0015s ]
SQL: select max(create_time) as max from ks_question  [ RunTime:0.0003s ]
SQL: SHOW COLUMNS FROM `ks_question` [ RunTime:0.0025s ]
SQL: SELECT * FROM `ks_question` WHERE `question_type` = 1  [ RunTime:0.0004s ]
SQL: SELECT * FROM `ks_question` WHERE `question_type` = 2  [ RunTime:0.0005s ]
INFO: [ view_parse ] --START--
INFO: [ template_filter ] --START--
INFO: Run Behavior\ContentReplaceBehavior [ RunTime:0.000091s ]
INFO: [ template_filter ] --END-- [ RunTime:0.000159s ]
INFO: Run Behavior\ParseTemplateBehavior [ RunTime:0.068991s ]
INFO: [ view_parse ] --END-- [ RunTime:0.069062s ]
INFO: [ view_filter ] --START--
INFO: Run Behavior\WriteHtmlCacheBehavior [ RunTime:0.000427s ]
INFO: [ view_filter ] --END-- [ RunTime:0.000481s ]
INFO: [ app_end ] --START--
INFO: Run Behavior\ShowPageTraceBehavior [ RunTime:0.000583s ]
INFO: [ app_end ] --END-- [ RunTime:0.000624s ]

[ 2016-12-05T15:08:51+08:00 ] 127.0.0.1 /Home/practice/index
INFO: [ app_init ] --START--
INFO: Run Behavior\BuildLiteBehavior [ RunTime:0.000012s ]
INFO: [ app_init ] --END-- [ RunTime:0.000462s ]
INFO: [ app_begin ] --START--
INFO: Run Behavior\ReadHtmlCacheBehavior [ RunTime:0.000531s ]
INFO: [ app_begin ] --END-- [ RunTime:0.000579s ]
SQL: SHOW COLUMNS FROM `ks_user` [ RunTime:0.0028s ]
SQL: SELECT * FROM `ks_user` WHERE `id` = 7 LIMIT 1   [ RunTime:0.0003s ]
SQL: SHOW COLUMNS FROM `ks_user_session` [ RunTime:0.0028s ]
SQL: SELECT * FROM `ks_user_session` WHERE `user_id` = 7 LIMIT 1   [ RunTime:0.0003s ]
SQL: SHOW COLUMNS FROM `ks_user` [ RunTime:0.0027s ]
SQL: UPDATE `ks_user` SET `time_length`=time_length-3 WHERE `id` = 7 [ RunTime:0.0002s ]
SQL: SHOW COLUMNS FROM `ks_user_session` [ RunTime:0.0025s ]
SQL: UPDATE `ks_user_session` SET `last_logout_time`='1480921731' WHERE `user_id` = 7 [ RunTime:0.0168s ]
SQL: SHOW COLUMNS FROM `ks_system` [ RunTime:0.0024s ]
SQL: SELECT * FROM `ks_system` WHERE `id` = 1 LIMIT 1   [ RunTime:0.0002s ]
SQL: select max(create_time) as max from ks_question  [ RunTime:0.0002s ]
SQL: SHOW COLUMNS FROM `ks_question` [ RunTime:0.0028s ]
SQL: SELECT * FROM `ks_question` WHERE `question_type` = 1  [ RunTime:0.0003s ]
SQL: SELECT * FROM `ks_question` WHERE `question_type` = 2  [ RunTime:0.0005s ]
INFO: [ view_parse ] --START--
INFO: [ template_filter ] --START--
INFO: Run Behavior\ContentReplaceBehavior [ RunTime:0.000071s ]
INFO: [ template_filter ] --END-- [ RunTime:0.000155s ]
INFO: Run Behavior\ParseTemplateBehavior [ RunTime:0.007551s ]
INFO: [ view_parse ] --END-- [ RunTime:0.007617s ]
INFO: [ view_filter ] --START--
INFO: Run Behavior\WriteHtmlCacheBehavior [ RunTime:0.000360s ]
INFO: [ view_filter ] --END-- [ RunTime:0.000398s ]
INFO: [ app_end ] --START--
INFO: Run Behavior\ShowPageTraceBehavior [ RunTime:0.000537s ]
INFO: [ app_end ] --END-- [ RunTime:0.000580s ]

[ 2016-12-05T15:08:52+08:00 ] 127.0.0.1 /home/practice/beforeStartPractice?category=1
INFO: [ app_init ] --START--
INFO: Run Behavior\BuildLiteBehavior [ RunTime:0.000020s ]
INFO: [ app_init ] --END-- [ RunTime:0.000505s ]
INFO: [ app_begin ] --START--
INFO: Run Behavior\ReadHtmlCacheBehavior [ RunTime:0.000490s ]
INFO: [ app_begin ] --END-- [ RunTime:0.000538s ]
SQL: SHOW COLUMNS FROM `ks_user` [ RunTime:0.0027s ]
SQL: SELECT * FROM `ks_user` WHERE `id` = 7 LIMIT 1   [ RunTime:0.0003s ]
SQL: SHOW COLUMNS FROM `ks_user_session` [ RunTime:0.0027s ]
SQL: SELECT * FROM `ks_user_session` WHERE `user_id` = 7 LIMIT 1   [ RunTime:0.0003s ]
SQL: SHOW COLUMNS FROM `ks_user` [ RunTime:0.0025s ]
SQL: UPDATE `ks_user` SET `time_length`=time_length-1 WHERE `id` = 7 [ RunTime:0.0002s ]
SQL: SHOW COLUMNS FROM `ks_user_session` [ RunTime:0.0025s ]
SQL: UPDATE `ks_user_session` SET `last_logout_time`='1480921732' WHERE `user_id` = 7 [ RunTime:0.0282s ]
SQL: select max(create_time) as max from ks_question  [ RunTime:0.0004s ]
SQL: SHOW COLUMNS FROM `ks_system` [ RunTime:0.0023s ]
SQL: SELECT * FROM `ks_system` WHERE `id` = 1 LIMIT 1   [ RunTime:0.0003s ]
SQL: SHOW COLUMNS FROM `ks_user_permission` [ RunTime:0.0025s ]
SQL: SELECT * FROM `ks_user_permission` WHERE `uid` = 7 LIMIT 1   [ RunTime:0.0003s ]
INFO: [ view_parse ] --START--
INFO: [ template_filter ] --START--
INFO: Run Behavior\ContentReplaceBehavior [ RunTime:0.000049s ]
INFO: [ template_filter ] --END-- [ RunTime:0.000093s ]
INFO: Run Behavior\ParseTemplateBehavior [ RunTime:0.016937s ]
INFO: [ view_parse ] --END-- [ RunTime:0.016983s ]
INFO: [ view_filter ] --START--
INFO: Run Behavior\WriteHtmlCacheBehavior [ RunTime:0.000359s ]
INFO: [ view_filter ] --END-- [ RunTime:0.000389s ]
INFO: [ app_end ] --START--
INFO: Run Behavior\ShowPageTraceBehavior [ RunTime:0.000452s ]
INFO: [ app_end ] --END-- [ RunTime:0.000482s ]

[ 2016-12-05T15:08:54+08:00 ] 127.0.0.1 /home/practice/selectQuestionType?category=1&chapter=1
INFO: [ app_init ] --START--
INFO: Run Behavior\BuildLiteBehavior [ RunTime:0.000012s ]
INFO: [ app_init ] --END-- [ RunTime:0.000458s ]
INFO: [ app_begin ] --START--
INFO: Run Behavior\ReadHtmlCacheBehavior [ RunTime:0.000477s ]
INFO: [ app_begin ] --END-- [ RunTime:0.000527s ]
SQL: SHOW COLUMNS FROM `ks_user` [ RunTime:0.0026s ]
SQL: SELECT * FROM `ks_user` WHERE `id` = 7 LIMIT 1   [ RunTime:0.0003s ]
SQL: SHOW COLUMNS FROM `ks_user_session` [ RunTime:0.0028s ]
SQL: SELECT * FROM `ks_user_session` WHERE `user_id` = 7 LIMIT 1   [ RunTime:0.0003s ]
SQL: SHOW COLUMNS FROM `ks_user` [ RunTime:0.0024s ]
SQL: UPDATE `ks_user` SET `time_length`=time_length-2 WHERE `id` = 7 [ RunTime:0.0002s ]
SQL: SHOW COLUMNS FROM `ks_user_session` [ RunTime:0.0023s ]
SQL: UPDATE `ks_user_session` SET `last_logout_time`='1480921734' WHERE `user_id` = 7 [ RunTime:0.0493s ]
SQL: select max(create_time) as max from ks_question  [ RunTime:0.0003s ]
INFO: [ view_parse ] --START--
INFO: [ template_filter ] --START--
INFO: Run Behavior\ContentReplaceBehavior [ RunTime:0.000060s ]
INFO: [ template_filter ] --END-- [ RunTime:0.000109s ]
INFO: Run Behavior\ParseTemplateBehavior [ RunTime:0.024510s ]
INFO: [ view_parse ] --END-- [ RunTime:0.024558s ]
INFO: [ view_filter ] --START--
INFO: Run Behavior\WriteHtmlCacheBehavior [ RunTime:0.000366s ]
INFO: [ view_filter ] --END-- [ RunTime:0.000402s ]
INFO: [ app_end ] --START--
INFO: Run Behavior\ShowPageTraceBehavior [ RunTime:0.000731s ]
INFO: [ app_end ] --END-- [ RunTime:0.000793s ]

[ 2016-12-05T15:08:55+08:00 ] 127.0.0.1 /home/practice/startPractice?category=1&chapter=1&question_type=1
INFO: [ app_init ] --START--
INFO: Run Behavior\BuildLiteBehavior [ RunTime:0.000012s ]
INFO: [ app_init ] --END-- [ RunTime:0.000482s ]
INFO: [ app_begin ] --START--
INFO: Run Behavior\ReadHtmlCacheBehavior [ RunTime:0.000607s ]
INFO: [ app_begin ] --END-- [ RunTime:0.000656s ]
SQL: SHOW COLUMNS FROM `ks_user` [ RunTime:0.0026s ]
SQL: SELECT * FROM `ks_user` WHERE `id` = 7 LIMIT 1   [ RunTime:0.0007s ]
SQL: SHOW COLUMNS FROM `ks_user_session` [ RunTime:0.0026s ]
SQL: SELECT * FROM `ks_user_session` WHERE `user_id` = 7 LIMIT 1   [ RunTime:0.0003s ]
SQL: SHOW COLUMNS FROM `ks_user` [ RunTime:0.0026s ]
SQL: UPDATE `ks_user` SET `time_length`=time_length-1 WHERE `id` = 7 [ RunTime:0.0002s ]
SQL: SHOW COLUMNS FROM `ks_user_session` [ RunTime:0.0024s ]
SQL: UPDATE `ks_user_session` SET `last_logout_time`='1480921735' WHERE `user_id` = 7 [ RunTime:0.0014s ]
SQL: SHOW COLUMNS FROM `ks_question` [ RunTime:0.0026s ]
SQL: SELECT `id` FROM `ks_question` WHERE `category` = 1 AND `chapter` = 1 AND `question_type` = 1  [ RunTime:0.0002s ]
SQL: SHOW COLUMNS FROM `ks_user_result` [ RunTime:0.0023s ]
SQL: SELECT * FROM `ks_user_result` WHERE ( user_id = 7 ) LIMIT 1   [ RunTime:0.0003s ]
SQL: SELECT * FROM `ks_question` WHERE `id` = 53  [ RunTime:0.0002s ]
SQL: SHOW COLUMNS FROM `ks_question_stem` [ RunTime:0.0023s ]
SQL: SELECT * FROM `ks_question_stem` WHERE `question_id` IN ('53')  [ RunTime:0.0003s ]
INFO: [ view_parse ] --START--
INFO: [ template_filter ] --START--
INFO: Run Behavior\ContentReplaceBehavior [ RunTime:0.000278s ]
INFO: [ template_filter ] --END-- [ RunTime:0.000364s ]
INFO: Run Behavior\ParseTemplateBehavior [ RunTime:0.029683s ]
INFO: [ view_parse ] --END-- [ RunTime:0.029780s ]
INFO: [ view_filter ] --START--
INFO: Run Behavior\WriteHtmlCacheBehavior [ RunTime:0.000673s ]
INFO: [ view_filter ] --END-- [ RunTime:0.000742s ]
INFO: [ app_end ] --START--
INFO: Run Behavior\ShowPageTraceBehavior [ RunTime:0.001299s ]
INFO: [ app_end ] --END-- [ RunTime:0.001421s ]

[ 2016-12-05T15:08:55+08:00 ] 127.0.0.1 /home/Practice/ajaxGetQuestion
INFO: [ app_init ] --START--
INFO: Run Behavior\BuildLiteBehavior [ RunTime:0.000016s ]
INFO: [ app_init ] --END-- [ RunTime:0.000580s ]
INFO: [ app_begin ] --START--
INFO: Run Behavior\ReadHtmlCacheBehavior [ RunTime:0.000734s ]
INFO: [ app_begin ] --END-- [ RunTime:0.000807s ]
SQL: SHOW COLUMNS FROM `ks_user` [ RunTime:0.0033s ]
SQL: SELECT * FROM `ks_user` WHERE `id` = 7 LIMIT 1   [ RunTime:0.0003s ]
SQL: SHOW COLUMNS FROM `ks_user_session` [ RunTime:0.0031s ]
SQL: SELECT * FROM `ks_user_session` WHERE `user_id` = 7 LIMIT 1   [ RunTime:0.0003s ]
SQL: SHOW COLUMNS FROM `ks_user` [ RunTime:0.0022s ]
SQL: UPDATE `ks_user` SET `time_length`=time_length-0 WHERE `id` = 7 [ RunTime:0.0002s ]
SQL: SHOW COLUMNS FROM `ks_user_session` [ RunTime:0.0027s ]
SQL: UPDATE `ks_user_session` SET `last_logout_time`='1480921735' WHERE `user_id` = 7 [ RunTime:0.0199s ]
SQL: SHOW COLUMNS FROM `ks_question` [ RunTime:0.0024s ]
SQL: SELECT * FROM `ks_question` WHERE `id` = 53  [ RunTime:0.0002s ]
SQL: SHOW COLUMNS FROM `ks_question_stem` [ RunTime:0.0021s ]
SQL: SELECT * FROM `ks_question_stem` WHERE `question_id` IN ('53')  [ RunTime:0.0002s ]
SQL: SHOW COLUMNS FROM `ks_user_result` [ RunTime:0.0026s ]
SQL: SELECT * FROM `ks_user_result` WHERE ( user_id = 7 ) LIMIT 1   [ RunTime:0.0006s ]

[ 2016-12-05T15:08:59+08:00 ] 127.0.0.1 /home/practice/selectQuestionType?category=1&chapter=2
INFO: [ app_init ] --START--
INFO: Run Behavior\BuildLiteBehavior [ RunTime:0.000012s ]
INFO: [ app_init ] --END-- [ RunTime:0.000472s ]
INFO: [ app_begin ] --START--
INFO: Run Behavior\ReadHtmlCacheBehavior [ RunTime:0.000542s ]
INFO: [ app_begin ] --END-- [ RunTime:0.000594s ]
SQL: SHOW COLUMNS FROM `ks_user` [ RunTime:0.0025s ]
SQL: SELECT * FROM `ks_user` WHERE `id` = 7 LIMIT 1   [ RunTime:0.0003s ]
SQL: SHOW COLUMNS FROM `ks_user_session` [ RunTime:0.0029s ]
SQL: SELECT * FROM `ks_user_session` WHERE `user_id` = 7 LIMIT 1   [ RunTime:0.0003s ]
SQL: SHOW COLUMNS FROM `ks_user` [ RunTime:0.0030s ]
SQL: UPDATE `ks_user` SET `time_length`=time_length-4 WHERE `id` = 7 [ RunTime:0.0003s ]
SQL: SHOW COLUMNS FROM `ks_user_session` [ RunTime:0.0024s ]
SQL: UPDATE `ks_user_session` SET `last_logout_time`='1480921739' WHERE `user_id` = 7 [ RunTime:0.0436s ]
SQL: select max(create_time) as max from ks_question  [ RunTime:0.0003s ]
INFO: [ view_parse ] --START--
INFO: [ template_filter ] --START--
INFO: Run Behavior\ContentReplaceBehavior [ RunTime:0.000081s ]
INFO: [ template_filter ] --END-- [ RunTime:0.000146s ]
INFO: Run Behavior\ParseTemplateBehavior [ RunTime:0.007221s ]
INFO: [ view_parse ] --END-- [ RunTime:0.007269s ]
INFO: [ view_filter ] --START--
INFO: Run Behavior\WriteHtmlCacheBehavior [ RunTime:0.000374s ]
INFO: [ view_filter ] --END-- [ RunTime:0.000422s ]
INFO: [ app_end ] --START--
INFO: Run Behavior\ShowPageTraceBehavior [ RunTime:0.000622s ]
INFO: [ app_end ] --END-- [ RunTime:0.000667s ]

[ 2016-12-05T15:09:00+08:00 ] 127.0.0.1 /home/practice/startPractice?category=1&chapter=2&question_type=1
INFO: [ app_init ] --START--
INFO: Run Behavior\BuildLiteBehavior [ RunTime:0.000013s ]
INFO: [ app_init ] --END-- [ RunTime:0.000463s ]
INFO: [ app_begin ] --START--
INFO: Run Behavior\ReadHtmlCacheBehavior [ RunTime:0.000586s ]
INFO: [ app_begin ] --END-- [ RunTime:0.000638s ]
SQL: SHOW COLUMNS FROM `ks_user` [ RunTime:0.0025s ]
SQL: SELECT * FROM `ks_user` WHERE `id` = 7 LIMIT 1   [ RunTime:0.0003s ]
SQL: SHOW COLUMNS FROM `ks_user_session` [ RunTime:0.0026s ]
SQL: SELECT * FROM `ks_user_session` WHERE `user_id` = 7 LIMIT 1   [ RunTime:0.0002s ]
SQL: SHOW COLUMNS FROM `ks_user` [ RunTime:0.0028s ]
SQL: UPDATE `ks_user` SET `time_length`=time_length-1 WHERE `id` = 7 [ RunTime:0.0003s ]
SQL: SHOW COLUMNS FROM `ks_user_session` [ RunTime:0.0023s ]
SQL: UPDATE `ks_user_session` SET `last_logout_time`='1480921740' WHERE `user_id` = 7 [ RunTime:0.0268s ]
SQL: SHOW COLUMNS FROM `ks_question` [ RunTime:0.0026s ]
SQL: SELECT `id` FROM `ks_question` WHERE `category` = 1 AND `chapter` = 2 AND `question_type` = 1  [ RunTime:0.0002s ]
SQL: SHOW COLUMNS FROM `ks_user_result` [ RunTime:0.0023s ]
SQL: SELECT * FROM `ks_user_result` WHERE ( user_id = 7 ) LIMIT 1   [ RunTime:0.0003s ]
NOTIC: [8] Undefined offset: 0 E:\xampp\htdocs\kaoshixitong.com\Application\Home\Controller\PracticeController.class.php 第 97 行.
SQL: SELECT * FROM `ks_question` WHERE `id` = null  [ RunTime:0.0003s ]
NOTIC: [8] Undefined index:  E:\xampp\htdocs\kaoshixitong.com\Application\Home\Model\QuestionModel.class.php 第 11 行.
NOTIC: [2] shuffle() expects parameter 1 to be array, null given E:\xampp\htdocs\kaoshixitong.com\Application\Home\Model\QuestionModel.class.php 第 12 行.
INFO: [ view_parse ] --START--
INFO: [ template_filter ] --START--
INFO: Run Behavior\ContentReplaceBehavior [ RunTime:0.000175s ]
INFO: [ template_filter ] --END-- [ RunTime:0.000239s ]
NOTIC: [8] Undefined index: id E:\xampp\htdocs\kaoshixitong.com\Application\Runtime\Cache\Home\cfe78fc546d1606dcfeac86d0e094227.php 第 233 行.
INFO: Run Behavior\ParseTemplateBehavior [ RunTime:0.009536s ]
INFO: [ view_parse ] --END-- [ RunTime:0.009577s ]
INFO: [ view_filter ] --START--
INFO: Run Behavior\WriteHtmlCacheBehavior [ RunTime:0.000373s ]
INFO: [ view_filter ] --END-- [ RunTime:0.000409s ]
INFO: [ app_end ] --START--
INFO: Run Behavior\ShowPageTraceBehavior [ RunTime:0.000944s ]
INFO: [ app_end ] --END-- [ RunTime:0.001015s ]

