[ 2016-10-06T21:03:55+08:00 ] 127.0.0.1 /index.php/home/test/startTest/no/1.html
INFO: [ app_init ] --START--
INFO: Run Behavior\BuildLiteBehavior [ RunTime:0.000010s ]
INFO: [ app_init ] --END-- [ RunTime:0.000254s ]
INFO: [ app_begin ] --START--
INFO: Run Behavior\ReadHtmlCacheBehavior [ RunTime:0.000400s ]
INFO: [ app_begin ] --END-- [ RunTime:0.000454s ]
SQL: SHOW COLUMNS FROM `ks_user` [ RunTime:0.0004s ]
SQL: SELECT * FROM `ks_user` WHERE `id` = 7 LIMIT 1   [ RunTime:0.0002s ]
SQL: SHOW COLUMNS FROM `ks_user_session` [ RunTime:0.0003s ]
SQL: SELECT * FROM `ks_user_session` WHERE `user_id` = 7 LIMIT 1   [ RunTime:0.0003s ]
SQL: SHOW COLUMNS FROM `ks_user` [ RunTime:0.0004s ]
SQL: UPDATE `ks_user` SET `time_length`=time_length-88 WHERE `id` = 7 [ RunTime:0.0002s ]
SQL: SHOW COLUMNS FROM `ks_user_session` [ RunTime:0.0005s ]
SQL: UPDATE `ks_user_session` SET `last_logout_time`='1475759035' WHERE `user_id` = 7 [ RunTime:0.0005s ]
SQL: SHOW COLUMNS FROM `ks_question` [ RunTime:0.0007s ]
SQL: SELECT `id` FROM `ks_question` WHERE `category` = 1 AND `question_type` = 1 LIMIT 0,1000   [ RunTime:0.0004s ]
SQL: SELECT `id` FROM `ks_question` WHERE `category` = 2 AND `question_type` = 1 LIMIT 0,1000   [ RunTime:0.0003s ]
SQL: SELECT `id` FROM `ks_question` WHERE `category` = 1 AND `question_type` = 2 LIMIT 0,1000   [ RunTime:0.0003s ]
SQL: SELECT `id` FROM `ks_question` WHERE `category` = 2 AND `question_type` = 2 LIMIT 0,1000   [ RunTime:0.0003s ]
INFO: [ view_parse ] --START--
INFO: [ template_filter ] --START--
INFO: Run Behavior\ContentReplaceBehavior [ RunTime:0.000067s ]
INFO: [ template_filter ] --END-- [ RunTime:0.000104s ]
INFO: Run Behavior\ParseTemplateBehavior [ RunTime:0.026125s ]
INFO: [ view_parse ] --END-- [ RunTime:0.026168s ]
INFO: [ view_filter ] --START--
INFO: Run Behavior\WriteHtmlCacheBehavior [ RunTime:0.000304s ]
INFO: [ view_filter ] --END-- [ RunTime:0.000334s ]
INFO: [ app_end ] --START--
INFO: Run Behavior\ShowPageTraceBehavior [ RunTime:0.000574s ]
INFO: [ app_end ] --END-- [ RunTime:0.000623s ]

[ 2016-10-06T21:03:55+08:00 ] 127.0.0.1 /home/Test/ajaxGetQuestion
INFO: [ app_init ] --START--
INFO: Run Behavior\BuildLiteBehavior [ RunTime:0.000010s ]
INFO: [ app_init ] --END-- [ RunTime:0.000198s ]
INFO: [ app_begin ] --START--
INFO: Run Behavior\ReadHtmlCacheBehavior [ RunTime:0.000232s ]
INFO: [ app_begin ] --END-- [ RunTime:0.000261s ]
SQL: SHOW COLUMNS FROM `ks_user` [ RunTime:0.0004s ]
SQL: SELECT * FROM `ks_user` WHERE `id` = 7 LIMIT 1   [ RunTime:0.0003s ]
SQL: SHOW COLUMNS FROM `ks_user_session` [ RunTime:0.0005s ]
SQL: SELECT * FROM `ks_user_session` WHERE `user_id` = 7 LIMIT 1   [ RunTime:0.0003s ]
SQL: SHOW COLUMNS FROM `ks_user` [ RunTime:0.0004s ]
SQL: UPDATE `ks_user` SET `time_length`=time_length-0 WHERE `id` = 7 [ RunTime:0.0002s ]
SQL: SHOW COLUMNS FROM `ks_user_session` [ RunTime:0.0006s ]
SQL: UPDATE `ks_user_session` SET `last_logout_time`='1475759035' WHERE `user_id` = 7 [ RunTime:0.0007s ]
SQL: SHOW COLUMNS FROM `ks_question` [ RunTime:0.0056s ]
SQL: SELECT * FROM `ks_question` WHERE `id` = 52  [ RunTime:0.0003s ]
SQL: SHOW COLUMNS FROM `ks_question_stem` [ RunTime:0.0007s ]
SQL: SELECT * FROM `ks_question_stem` WHERE `question_id` IN ('52')  [ RunTime:0.0004s ]
NOTIC: [8] Undefined variable: status /web/docs/kaoshixitong.com/Application/Home/Controller/TestController.class.php 第 48 行.

[ 2016-10-06T21:05:12+08:00 ] 127.0.0.1 /index.php/home/test/startTest/no/1.html
INFO: [ app_init ] --START--
INFO: Run Behavior\BuildLiteBehavior [ RunTime:0.000011s ]
INFO: [ app_init ] --END-- [ RunTime:0.000461s ]
INFO: [ app_begin ] --START--
INFO: Run Behavior\ReadHtmlCacheBehavior [ RunTime:0.000500s ]
INFO: [ app_begin ] --END-- [ RunTime:0.000543s ]
SQL: SHOW COLUMNS FROM `ks_user` [ RunTime:0.0004s ]
SQL: SELECT * FROM `ks_user` WHERE `id` = 7 LIMIT 1   [ RunTime:0.0002s ]
SQL: SHOW COLUMNS FROM `ks_user_session` [ RunTime:0.0003s ]
SQL: SELECT * FROM `ks_user_session` WHERE `user_id` = 7 LIMIT 1   [ RunTime:0.0002s ]
SQL: SHOW COLUMNS FROM `ks_user` [ RunTime:0.0004s ]
SQL: UPDATE `ks_user` SET `time_length`=time_length-77 WHERE `id` = 7 [ RunTime:0.0002s ]
SQL: SHOW COLUMNS FROM `ks_user_session` [ RunTime:0.0003s ]
SQL: UPDATE `ks_user_session` SET `last_logout_time`='1475759112' WHERE `user_id` = 7 [ RunTime:0.0004s ]
SQL: SHOW COLUMNS FROM `ks_question` [ RunTime:0.0010s ]
SQL: SELECT `id` FROM `ks_question` WHERE `category` = 1 AND `question_type` = 1 LIMIT 0,1000   [ RunTime:0.0002s ]
SQL: SELECT `id` FROM `ks_question` WHERE `category` = 2 AND `question_type` = 1 LIMIT 0,1000   [ RunTime:0.0001s ]
SQL: SELECT `id` FROM `ks_question` WHERE `category` = 1 AND `question_type` = 2 LIMIT 0,1000   [ RunTime:0.0003s ]
SQL: SELECT `id` FROM `ks_question` WHERE `category` = 2 AND `question_type` = 2 LIMIT 0,1000   [ RunTime:0.0002s ]
INFO: [ view_parse ] --START--
INFO: [ template_filter ] --START--
INFO: Run Behavior\ContentReplaceBehavior [ RunTime:0.000064s ]
INFO: [ template_filter ] --END-- [ RunTime:0.000099s ]
INFO: Run Behavior\ParseTemplateBehavior [ RunTime:0.020668s ]
INFO: [ view_parse ] --END-- [ RunTime:0.020713s ]
INFO: [ view_filter ] --START--
INFO: Run Behavior\WriteHtmlCacheBehavior [ RunTime:0.000388s ]
INFO: [ view_filter ] --END-- [ RunTime:0.000426s ]
INFO: [ app_end ] --START--
INFO: Run Behavior\ShowPageTraceBehavior [ RunTime:0.001750s ]
INFO: [ app_end ] --END-- [ RunTime:0.001860s ]

[ 2016-10-06T21:05:12+08:00 ] 127.0.0.1 /home/Test/ajaxGetQuestion
INFO: [ app_init ] --START--
INFO: Run Behavior\BuildLiteBehavior [ RunTime:0.000009s ]
INFO: [ app_init ] --END-- [ RunTime:0.000185s ]
INFO: [ app_begin ] --START--
INFO: Run Behavior\ReadHtmlCacheBehavior [ RunTime:0.000315s ]
INFO: [ app_begin ] --END-- [ RunTime:0.000360s ]
SQL: SHOW COLUMNS FROM `ks_user` [ RunTime:0.0004s ]
SQL: SELECT * FROM `ks_user` WHERE `id` = 7 LIMIT 1   [ RunTime:0.0003s ]
SQL: SHOW COLUMNS FROM `ks_user_session` [ RunTime:0.0004s ]
SQL: SELECT * FROM `ks_user_session` WHERE `user_id` = 7 LIMIT 1   [ RunTime:0.0002s ]
SQL: SHOW COLUMNS FROM `ks_user` [ RunTime:0.0006s ]
SQL: UPDATE `ks_user` SET `time_length`=time_length-0 WHERE `id` = 7 [ RunTime:0.0007s ]
SQL: SHOW COLUMNS FROM `ks_user_session` [ RunTime:0.0014s ]
SQL: UPDATE `ks_user_session` SET `last_logout_time`='1475759112' WHERE `user_id` = 7 [ RunTime:0.0021s ]
SQL: SHOW COLUMNS FROM `ks_question` [ RunTime:0.0005s ]
SQL: SELECT * FROM `ks_question` WHERE `id` = 53  [ RunTime:0.0003s ]
SQL: SHOW COLUMNS FROM `ks_question_stem` [ RunTime:0.0005s ]
SQL: SELECT * FROM `ks_question_stem` WHERE `question_id` IN ('53')  [ RunTime:0.0003s ]
NOTIC: [8] Undefined variable: status /web/docs/kaoshixitong.com/Application/Home/Controller/TestController.class.php 第 48 行.

[ 2016-10-06T21:05:21+08:00 ] 127.0.0.1 /index.php/home/test/startTest/no/1.html
INFO: [ app_init ] --START--
INFO: Run Behavior\BuildLiteBehavior [ RunTime:0.000008s ]
INFO: [ app_init ] --END-- [ RunTime:0.000177s ]
INFO: [ app_begin ] --START--
INFO: Run Behavior\ReadHtmlCacheBehavior [ RunTime:0.000221s ]
INFO: [ app_begin ] --END-- [ RunTime:0.000249s ]
SQL: SHOW COLUMNS FROM `ks_user` [ RunTime:0.0004s ]
SQL: SELECT * FROM `ks_user` WHERE `id` = 7 LIMIT 1   [ RunTime:0.0002s ]
SQL: SHOW COLUMNS FROM `ks_user_session` [ RunTime:0.0003s ]
SQL: SELECT * FROM `ks_user_session` WHERE `user_id` = 7 LIMIT 1   [ RunTime:0.0002s ]
SQL: SHOW COLUMNS FROM `ks_user` [ RunTime:0.0003s ]
SQL: UPDATE `ks_user` SET `time_length`=time_length-9 WHERE `id` = 7 [ RunTime:0.0002s ]
SQL: SHOW COLUMNS FROM `ks_user_session` [ RunTime:0.0003s ]
SQL: UPDATE `ks_user_session` SET `last_logout_time`='1475759121' WHERE `user_id` = 7 [ RunTime:0.0013s ]
SQL: SHOW COLUMNS FROM `ks_question` [ RunTime:0.0012s ]
SQL: SELECT `id` FROM `ks_question` WHERE `category` = 1 AND `question_type` = 1 LIMIT 0,1000   [ RunTime:0.0005s ]
SQL: SELECT `id` FROM `ks_question` WHERE `category` = 2 AND `question_type` = 1 LIMIT 0,1000   [ RunTime:0.0011s ]
SQL: SELECT `id` FROM `ks_question` WHERE `category` = 1 AND `question_type` = 2 LIMIT 0,1000   [ RunTime:0.0012s ]
SQL: SELECT `id` FROM `ks_question` WHERE `category` = 2 AND `question_type` = 2 LIMIT 0,1000   [ RunTime:0.0007s ]
INFO: [ view_parse ] --START--
INFO: [ template_filter ] --START--
INFO: Run Behavior\ContentReplaceBehavior [ RunTime:0.000060s ]
INFO: [ template_filter ] --END-- [ RunTime:0.000098s ]
INFO: Run Behavior\ParseTemplateBehavior [ RunTime:0.010702s ]
INFO: [ view_parse ] --END-- [ RunTime:0.010748s ]
INFO: [ view_filter ] --START--
INFO: Run Behavior\WriteHtmlCacheBehavior [ RunTime:0.000101s ]
INFO: [ view_filter ] --END-- [ RunTime:0.000125s ]
INFO: [ app_end ] --START--
INFO: Run Behavior\ShowPageTraceBehavior [ RunTime:0.000401s ]
INFO: [ app_end ] --END-- [ RunTime:0.000454s ]

[ 2016-10-06T21:05:21+08:00 ] 127.0.0.1 /home/Test/ajaxGetQuestion
INFO: [ app_init ] --START--
INFO: Run Behavior\BuildLiteBehavior [ RunTime:0.000009s ]
INFO: [ app_init ] --END-- [ RunTime:0.000192s ]
INFO: [ app_begin ] --START--
INFO: Run Behavior\ReadHtmlCacheBehavior [ RunTime:0.000245s ]
INFO: [ app_begin ] --END-- [ RunTime:0.000278s ]
SQL: SHOW COLUMNS FROM `ks_user` [ RunTime:0.0006s ]
SQL: SELECT * FROM `ks_user` WHERE `id` = 7 LIMIT 1   [ RunTime:0.0003s ]
SQL: SHOW COLUMNS FROM `ks_user_session` [ RunTime:0.0005s ]
SQL: SELECT * FROM `ks_user_session` WHERE `user_id` = 7 LIMIT 1   [ RunTime:0.0004s ]
SQL: SHOW COLUMNS FROM `ks_user` [ RunTime:0.0007s ]
SQL: UPDATE `ks_user` SET `time_length`=time_length-0 WHERE `id` = 7 [ RunTime:0.0003s ]
SQL: SHOW COLUMNS FROM `ks_user_session` [ RunTime:0.0006s ]
SQL: UPDATE `ks_user_session` SET `last_logout_time`='1475759121' WHERE `user_id` = 7 [ RunTime:0.0023s ]
SQL: SHOW COLUMNS FROM `ks_question` [ RunTime:0.0006s ]
SQL: SELECT * FROM `ks_question` WHERE `id` = 52  [ RunTime:0.0004s ]
SQL: SHOW COLUMNS FROM `ks_question_stem` [ RunTime:0.0008s ]
SQL: SELECT * FROM `ks_question_stem` WHERE `question_id` IN ('52')  [ RunTime:0.0004s ]
NOTIC: [8] Undefined variable: status /web/docs/kaoshixitong.com/Application/Home/Controller/TestController.class.php 第 48 行.

[ 2016-10-06T21:05:40+08:00 ] 127.0.0.1 /index.php/home/test/startTest/no/2.html
INFO: [ app_init ] --START--
INFO: Run Behavior\BuildLiteBehavior [ RunTime:0.000009s ]
INFO: [ app_init ] --END-- [ RunTime:0.000191s ]
INFO: [ app_begin ] --START--
INFO: Run Behavior\ReadHtmlCacheBehavior [ RunTime:0.001687s ]
INFO: [ app_begin ] --END-- [ RunTime:0.001730s ]
SQL: SHOW COLUMNS FROM `ks_user` [ RunTime:0.0005s ]
SQL: SELECT * FROM `ks_user` WHERE `id` = 7 LIMIT 1   [ RunTime:0.0003s ]
SQL: SHOW COLUMNS FROM `ks_user_session` [ RunTime:0.0004s ]
SQL: SELECT * FROM `ks_user_session` WHERE `user_id` = 7 LIMIT 1   [ RunTime:0.0002s ]
SQL: SHOW COLUMNS FROM `ks_user` [ RunTime:0.0003s ]
SQL: UPDATE `ks_user` SET `time_length`=time_length-19 WHERE `id` = 7 [ RunTime:0.0003s ]
SQL: SHOW COLUMNS FROM `ks_user_session` [ RunTime:0.0004s ]
SQL: UPDATE `ks_user_session` SET `last_logout_time`='1475759140' WHERE `user_id` = 7 [ RunTime:0.0004s ]
SQL: SHOW COLUMNS FROM `ks_question` [ RunTime:0.0004s ]
SQL: SELECT `id` FROM `ks_question` WHERE `category` = 3 AND `question_type` = 1 LIMIT 0,1000   [ RunTime:0.0002s ]
SQL: SELECT `id` FROM `ks_question` WHERE `category` = 4 AND `question_type` = 1 AND `province_id` = 15 LIMIT 0,1000   [ RunTime:0.0002s ]
SQL: SELECT `id` FROM `ks_question` WHERE `category` = 3 AND `question_type` = 2 LIMIT 0,1000   [ RunTime:0.0002s ]
SQL: SELECT `id` FROM `ks_question` WHERE `category` = 4 AND `question_type` = 2 AND `province_id` = 15 LIMIT 0,1000   [ RunTime:0.0001s ]
INFO: [ view_parse ] --START--
INFO: [ template_filter ] --START--
INFO: Run Behavior\ContentReplaceBehavior [ RunTime:0.000062s ]
INFO: [ template_filter ] --END-- [ RunTime:0.000099s ]
INFO: Run Behavior\ParseTemplateBehavior [ RunTime:0.018426s ]
INFO: [ view_parse ] --END-- [ RunTime:0.018487s ]
INFO: [ view_filter ] --START--
INFO: Run Behavior\WriteHtmlCacheBehavior [ RunTime:0.000174s ]
INFO: [ view_filter ] --END-- [ RunTime:0.000215s ]
INFO: [ app_end ] --START--
INFO: Run Behavior\ShowPageTraceBehavior [ RunTime:0.000562s ]
INFO: [ app_end ] --END-- [ RunTime:0.000619s ]

[ 2016-10-06T21:05:40+08:00 ] 127.0.0.1 /home/Test/ajaxGetQuestion
INFO: [ app_init ] --START--
INFO: Run Behavior\BuildLiteBehavior [ RunTime:0.000010s ]
INFO: [ app_init ] --END-- [ RunTime:0.000203s ]
INFO: [ app_begin ] --START--
INFO: Run Behavior\ReadHtmlCacheBehavior [ RunTime:0.000263s ]
INFO: [ app_begin ] --END-- [ RunTime:0.000298s ]
SQL: SHOW COLUMNS FROM `ks_user` [ RunTime:0.0004s ]
SQL: SELECT * FROM `ks_user` WHERE `id` = 7 LIMIT 1   [ RunTime:0.0003s ]
SQL: SHOW COLUMNS FROM `ks_user_session` [ RunTime:0.0004s ]
SQL: SELECT * FROM `ks_user_session` WHERE `user_id` = 7 LIMIT 1   [ RunTime:0.0002s ]
SQL: SHOW COLUMNS FROM `ks_user` [ RunTime:0.0004s ]
SQL: UPDATE `ks_user` SET `time_length`=time_length-0 WHERE `id` = 7 [ RunTime:0.0002s ]
SQL: SHOW COLUMNS FROM `ks_user_session` [ RunTime:0.0004s ]
SQL: UPDATE `ks_user_session` SET `last_logout_time`='1475759140' WHERE `user_id` = 7 [ RunTime:0.0013s ]
SQL: SHOW COLUMNS FROM `ks_question` [ RunTime:0.0023s ]
SQL: SELECT * FROM `ks_question` WHERE `id` = 51  [ RunTime:0.0016s ]
SQL: SHOW COLUMNS FROM `ks_question_stem` [ RunTime:0.0007s ]
SQL: SELECT * FROM `ks_question_stem` WHERE `question_id` IN ('51')  [ RunTime:0.0004s ]
NOTIC: [8] Undefined variable: status /web/docs/kaoshixitong.com/Application/Home/Controller/TestController.class.php 第 48 行.

