[ 2016-12-07T08:57:03+08:00 ] 127.0.0.1 /
INFO: [ app_init ] --START--
INFO: Run Behavior\BuildLiteBehavior [ RunTime:0.000057s ]
INFO: [ app_init ] --END-- [ RunTime:0.184894s ]
INFO: [ app_begin ] --START--
INFO: Run Behavior\ReadHtmlCacheBehavior [ RunTime:0.030546s ]
INFO: [ app_begin ] --END-- [ RunTime:0.030779s ]

[ 2016-12-07T08:57:03+08:00 ] 127.0.0.1 /index.php/home/user/login.html
INFO: [ app_init ] --START--
INFO: Run Behavior\BuildLiteBehavior [ RunTime:0.000037s ]
INFO: [ app_init ] --END-- [ RunTime:0.001387s ]
INFO: [ app_begin ] --START--
INFO: Run Behavior\ReadHtmlCacheBehavior [ RunTime:0.001595s ]
INFO: [ app_begin ] --END-- [ RunTime:0.001767s ]
SQL: select max(create_time) as max from ks_question  [ RunTime:0.2021s ]
SQL: SHOW COLUMNS FROM `ks_question` [ RunTime:0.0232s ]
SQL: SELECT * FROM `ks_question` WHERE `question_type` = 1  [ RunTime:0.0011s ]
SQL: SELECT * FROM `ks_question` WHERE `question_type` = 2  [ RunTime:0.0026s ]
INFO: [ view_parse ] --START--
INFO: [ template_filter ] --START--
INFO: Run Behavior\ContentReplaceBehavior [ RunTime:0.000166s ]
INFO: [ template_filter ] --END-- [ RunTime:0.000314s ]
INFO: Run Behavior\ParseTemplateBehavior [ RunTime:0.190000s ]
INFO: [ view_parse ] --END-- [ RunTime:0.190125s ]
INFO: [ view_filter ] --START--
INFO: Run Behavior\WriteHtmlCacheBehavior [ RunTime:0.043942s ]
INFO: [ view_filter ] --END-- [ RunTime:0.044010s ]
INFO: [ app_end ] --START--
INFO: Run Behavior\ShowPageTraceBehavior [ RunTime:0.055221s ]
INFO: [ app_end ] --END-- [ RunTime:0.055299s ]

[ 2016-12-07T08:57:04+08:00 ] 127.0.0.1 /index.php/Home/User/verify_c.html
INFO: [ app_init ] --START--
INFO: Run Behavior\BuildLiteBehavior [ RunTime:0.000018s ]
INFO: [ app_init ] --END-- [ RunTime:0.000472s ]
INFO: [ app_begin ] --START--
INFO: Run Behavior\ReadHtmlCacheBehavior [ RunTime:0.000615s ]
INFO: [ app_begin ] --END-- [ RunTime:0.000691s ]
INFO: [ app_end ] --START--
INFO: Run Behavior\ShowPageTraceBehavior [ RunTime:0.002234s ]
INFO: [ app_end ] --END-- [ RunTime:0.002427s ]

[ 2016-12-07T08:57:23+08:00 ] 127.0.0.1 /index.php/home/user/handleLogin.html
INFO: [ app_init ] --START--
INFO: Run Behavior\BuildLiteBehavior [ RunTime:0.000024s ]
INFO: [ app_init ] --END-- [ RunTime:0.001023s ]
INFO: [ app_begin ] --START--
INFO: Run Behavior\ReadHtmlCacheBehavior [ RunTime:0.000941s ]
INFO: [ app_begin ] --END-- [ RunTime:0.001043s ]
SQL: SHOW COLUMNS FROM `ks_user` [ RunTime:0.0851s ]
SQL: SELECT * FROM `ks_user` WHERE `idcard` = '220322199301118333' AND `password` = '200820e3227815ed1756a6b531e7e0d2' LIMIT 1   [ RunTime:0.0434s ]
INFO: [ view_parse ] --START--
INFO: [ template_filter ] --START--
INFO: Run Behavior\ContentReplaceBehavior [ RunTime:0.000131s ]
INFO: [ template_filter ] --END-- [ RunTime:0.000273s ]
INFO: Run Behavior\ParseTemplateBehavior [ RunTime:0.028586s ]
INFO: [ view_parse ] --END-- [ RunTime:0.028683s ]
INFO: [ view_filter ] --START--
INFO: Run Behavior\WriteHtmlCacheBehavior [ RunTime:0.000599s ]
INFO: [ view_filter ] --END-- [ RunTime:0.000669s ]

[ 2016-12-07T08:57:33+08:00 ] 127.0.0.1 /index.php/home/user/handleLogin.html
INFO: [ app_init ] --START--
INFO: Run Behavior\BuildLiteBehavior [ RunTime:0.000013s ]
INFO: [ app_init ] --END-- [ RunTime:0.000420s ]
INFO: [ app_begin ] --START--
INFO: Run Behavior\ReadHtmlCacheBehavior [ RunTime:0.000610s ]
INFO: [ app_begin ] --END-- [ RunTime:0.000663s ]
SQL: SHOW COLUMNS FROM `ks_user` [ RunTime:0.0030s ]
SQL: SELECT * FROM `ks_user` WHERE `idcard` = '220322199301118333' AND `password` = '46f94c8de14fb36680850768ff1b7f2a' LIMIT 1   [ RunTime:0.0004s ]
SQL: SHOW COLUMNS FROM `ks_user_session` [ RunTime:0.0529s ]
SQL: UPDATE `ks_user_session` SET `last_login_time`='1481072253',`last_logout_time`='1481072253',`session_id`='epd6vug9iduhch53b0tbng16m1',`ip`='127.0.0.1' WHERE `user_id` = 7 [ RunTime:0.0629s ]
SQL: UPDATE `ks_user` SET `last_login_time`='1481072253' WHERE `id` = 7 [ RunTime:0.0003s ]
INFO: [ view_parse ] --START--
INFO: [ template_filter ] --START--
INFO: Run Behavior\ContentReplaceBehavior [ RunTime:0.000045s ]
INFO: [ template_filter ] --END-- [ RunTime:0.000092s ]
INFO: Run Behavior\ParseTemplateBehavior [ RunTime:0.005590s ]
INFO: [ view_parse ] --END-- [ RunTime:0.005637s ]
INFO: [ view_filter ] --START--
INFO: Run Behavior\WriteHtmlCacheBehavior [ RunTime:0.000420s ]
INFO: [ view_filter ] --END-- [ RunTime:0.000453s ]
INFO: [ app_end ] --START--
INFO: Run Behavior\ShowPageTraceBehavior [ RunTime:0.000592s ]
INFO: [ app_end ] --END-- [ RunTime:0.000629s ]

[ 2016-12-07T08:57:35+08:00 ] 127.0.0.1 /index.php/home/index/index.html
INFO: [ app_init ] --START--
INFO: Run Behavior\BuildLiteBehavior [ RunTime:0.000035s ]
INFO: [ app_init ] --END-- [ RunTime:0.001460s ]
INFO: [ app_begin ] --START--
INFO: Run Behavior\ReadHtmlCacheBehavior [ RunTime:0.002114s ]
INFO: [ app_begin ] --END-- [ RunTime:0.002350s ]
SQL: SHOW COLUMNS FROM `ks_user` [ RunTime:0.0042s ]
SQL: SELECT * FROM `ks_user` WHERE `id` = 7 LIMIT 1   [ RunTime:0.0005s ]
SQL: SHOW COLUMNS FROM `ks_user_session` [ RunTime:0.0044s ]
SQL: SELECT * FROM `ks_user_session` WHERE `user_id` = 7 LIMIT 1   [ RunTime:0.0005s ]
SQL: SHOW COLUMNS FROM `ks_user` [ RunTime:0.0044s ]
SQL: UPDATE `ks_user` SET `time_length`=time_length-1 WHERE `id` = 7 [ RunTime:0.0807s ]
SQL: SHOW COLUMNS FROM `ks_user_session` [ RunTime:0.0055s ]
SQL: UPDATE `ks_user_session` SET `last_logout_time`='1481072254' WHERE `user_id` = 7 [ RunTime:0.0863s ]
SQL: select max(create_time) as max from ks_question  [ RunTime:0.0006s ]
SQL: SHOW COLUMNS FROM `ks_question` [ RunTime:0.0053s ]
SQL: SELECT * FROM `ks_question` WHERE `question_type` = 1  [ RunTime:0.0009s ]
SQL: SELECT * FROM `ks_question` WHERE `question_type` = 2  [ RunTime:0.0014s ]
INFO: [ view_parse ] --START--
INFO: [ template_filter ] --START--
INFO: Run Behavior\ContentReplaceBehavior [ RunTime:0.000116s ]
INFO: [ template_filter ] --END-- [ RunTime:0.000210s ]
INFO: Run Behavior\ParseTemplateBehavior [ RunTime:0.198802s ]
INFO: [ view_parse ] --END-- [ RunTime:0.198917s ]
INFO: [ view_filter ] --START--
INFO: Run Behavior\WriteHtmlCacheBehavior [ RunTime:0.000840s ]
INFO: [ view_filter ] --END-- [ RunTime:0.000910s ]
INFO: [ app_end ] --START--
INFO: Run Behavior\ShowPageTraceBehavior [ RunTime:0.001144s ]
INFO: [ app_end ] --END-- [ RunTime:0.001221s ]

[ 2016-12-07T10:02:43+08:00 ] 127.0.0.1 /Home/practice/index
INFO: [ app_init ] --START--
INFO: Run Behavior\BuildLiteBehavior [ RunTime:0.000019s ]
INFO: [ app_init ] --END-- [ RunTime:0.000462s ]
INFO: [ app_begin ] --START--
INFO: Run Behavior\ReadHtmlCacheBehavior [ RunTime:0.000618s ]
INFO: [ app_begin ] --END-- [ RunTime:0.000665s ]
SQL: SHOW COLUMNS FROM `ks_user` [ RunTime:0.0026s ]
SQL: SELECT * FROM `ks_user` WHERE `id` = 7 LIMIT 1   [ RunTime:0.0003s ]
SQL: SHOW COLUMNS FROM `ks_user_session` [ RunTime:0.0020s ]
SQL: SELECT * FROM `ks_user_session` WHERE `user_id` = 7 LIMIT 1   [ RunTime:0.0003s ]
INFO: [ view_parse ] --START--
INFO: [ template_filter ] --START--
INFO: Run Behavior\ContentReplaceBehavior [ RunTime:0.000096s ]
INFO: [ template_filter ] --END-- [ RunTime:0.000154s ]
INFO: Run Behavior\ParseTemplateBehavior [ RunTime:0.006861s ]
INFO: [ view_parse ] --END-- [ RunTime:0.006916s ]
INFO: [ view_filter ] --START--
INFO: Run Behavior\WriteHtmlCacheBehavior [ RunTime:0.000474s ]
INFO: [ view_filter ] --END-- [ RunTime:0.000509s ]

[ 2016-12-07T10:02:46+08:00 ] 127.0.0.1 /Home/practice/home/user/login
INFO: [ app_init ] --START--
INFO: Run Behavior\BuildLiteBehavior [ RunTime:0.000037s ]
INFO: [ app_init ] --END-- [ RunTime:0.001495s ]
INFO: [ app_begin ] --START--
INFO: Run Behavior\ReadHtmlCacheBehavior [ RunTime:0.001817s ]
INFO: [ app_begin ] --END-- [ RunTime:0.001983s ]

[ 2016-12-07T10:02:46+08:00 ] 127.0.0.1 /index.php/home/user/login.html
INFO: [ app_init ] --START--
INFO: Run Behavior\BuildLiteBehavior [ RunTime:0.000027s ]
INFO: [ app_init ] --END-- [ RunTime:0.001021s ]
INFO: [ app_begin ] --START--
INFO: Run Behavior\ReadHtmlCacheBehavior [ RunTime:0.001061s ]
INFO: [ app_begin ] --END-- [ RunTime:0.001172s ]
SQL: select max(create_time) as max from ks_question  [ RunTime:0.0005s ]
SQL: SHOW COLUMNS FROM `ks_question` [ RunTime:0.0043s ]
SQL: SELECT * FROM `ks_question` WHERE `question_type` = 1  [ RunTime:0.0007s ]
SQL: SELECT * FROM `ks_question` WHERE `question_type` = 2  [ RunTime:0.0014s ]
INFO: [ view_parse ] --START--
INFO: [ template_filter ] --START--
INFO: Run Behavior\ContentReplaceBehavior [ RunTime:0.000109s ]
INFO: [ template_filter ] --END-- [ RunTime:0.000224s ]
INFO: Run Behavior\ParseTemplateBehavior [ RunTime:0.013231s ]
INFO: [ view_parse ] --END-- [ RunTime:0.013328s ]
INFO: [ view_filter ] --START--
INFO: Run Behavior\WriteHtmlCacheBehavior [ RunTime:0.000914s ]
INFO: [ view_filter ] --END-- [ RunTime:0.000993s ]
INFO: [ app_end ] --START--
INFO: Run Behavior\ShowPageTraceBehavior [ RunTime:0.001221s ]
INFO: [ app_end ] --END-- [ RunTime:0.001298s ]

[ 2016-12-07T10:02:46+08:00 ] 127.0.0.1 /index.php/Home/User/verify_c.html
INFO: [ app_init ] --START--
INFO: Run Behavior\BuildLiteBehavior [ RunTime:0.000027s ]
INFO: [ app_init ] --END-- [ RunTime:0.001121s ]
INFO: [ app_begin ] --START--
INFO: Run Behavior\ReadHtmlCacheBehavior [ RunTime:0.001124s ]
INFO: [ app_begin ] --END-- [ RunTime:0.001251s ]
INFO: [ app_end ] --START--
INFO: Run Behavior\ShowPageTraceBehavior [ RunTime:0.001224s ]
INFO: [ app_end ] --END-- [ RunTime:0.001333s ]

[ 2016-12-07T15:12:20+08:00 ] 127.0.0.1 /
INFO: [ app_init ] --START--
INFO: Run Behavior\BuildLiteBehavior [ RunTime:0.000011s ]
INFO: [ app_init ] --END-- [ RunTime:0.000384s ]
INFO: [ app_begin ] --START--
INFO: Run Behavior\ReadHtmlCacheBehavior [ RunTime:0.000813s ]
INFO: [ app_begin ] --END-- [ RunTime:0.000891s ]

[ 2016-12-07T15:12:20+08:00 ] 127.0.0.1 /index.php/home/user/login.html
INFO: [ app_init ] --START--
INFO: Run Behavior\BuildLiteBehavior [ RunTime:0.000011s ]
INFO: [ app_init ] --END-- [ RunTime:0.000390s ]
INFO: [ app_begin ] --START--
INFO: Run Behavior\ReadHtmlCacheBehavior [ RunTime:0.000586s ]
INFO: [ app_begin ] --END-- [ RunTime:0.000633s ]
SQL: select max(create_time) as max from ks_question  [ RunTime:0.0003s ]
SQL: SHOW COLUMNS FROM `ks_question` [ RunTime:0.0028s ]
SQL: SELECT * FROM `ks_question` WHERE `question_type` = 1  [ RunTime:0.0004s ]
SQL: SELECT * FROM `ks_question` WHERE `question_type` = 2  [ RunTime:0.0006s ]
INFO: [ view_parse ] --START--
INFO: [ template_filter ] --START--
INFO: Run Behavior\ContentReplaceBehavior [ RunTime:0.000048s ]
INFO: [ template_filter ] --END-- [ RunTime:0.000094s ]
INFO: Run Behavior\ParseTemplateBehavior [ RunTime:0.006201s ]
INFO: [ view_parse ] --END-- [ RunTime:0.006239s ]
INFO: [ view_filter ] --START--
INFO: Run Behavior\WriteHtmlCacheBehavior [ RunTime:0.000476s ]
INFO: [ view_filter ] --END-- [ RunTime:0.000506s ]
INFO: [ app_end ] --START--
INFO: Run Behavior\ShowPageTraceBehavior [ RunTime:0.000681s ]
INFO: [ app_end ] --END-- [ RunTime:0.000712s ]

[ 2016-12-07T15:12:20+08:00 ] 127.0.0.1 /index.php/Home/User/verify_c.html
INFO: [ app_init ] --START--
INFO: Run Behavior\BuildLiteBehavior [ RunTime:0.000020s ]
INFO: [ app_init ] --END-- [ RunTime:0.000675s ]
INFO: [ app_begin ] --START--
INFO: Run Behavior\ReadHtmlCacheBehavior [ RunTime:0.000573s ]
INFO: [ app_begin ] --END-- [ RunTime:0.000623s ]
INFO: [ app_end ] --START--
INFO: Run Behavior\ShowPageTraceBehavior [ RunTime:0.000653s ]
INFO: [ app_end ] --END-- [ RunTime:0.000713s ]

[ 2016-12-07T15:12:30+08:00 ] 127.0.0.1 /index.php/home/user/handleLogin.html
INFO: [ app_init ] --START--
INFO: Run Behavior\BuildLiteBehavior [ RunTime:0.000021s ]
INFO: [ app_init ] --END-- [ RunTime:0.000502s ]
INFO: [ app_begin ] --START--
INFO: Run Behavior\ReadHtmlCacheBehavior [ RunTime:0.000722s ]
INFO: [ app_begin ] --END-- [ RunTime:0.000765s ]
SQL: SHOW COLUMNS FROM `ks_user` [ RunTime:0.0019s ]
SQL: SELECT * FROM `ks_user` WHERE `idcard` = '220322199301118333' AND `password` = '46f94c8de14fb36680850768ff1b7f2a' LIMIT 1   [ RunTime:0.0003s ]
SQL: SHOW COLUMNS FROM `ks_user_session` [ RunTime:0.0019s ]
SQL: UPDATE `ks_user_session` SET `last_login_time`='1481094750',`last_logout_time`='1481094750',`session_id`='epd6vug9iduhch53b0tbng16m1',`ip`='127.0.0.1' WHERE `user_id` = 7 [ RunTime:0.0218s ]
SQL: UPDATE `ks_user` SET `last_login_time`='1481094750' WHERE `id` = 7 [ RunTime:0.0003s ]
INFO: [ view_parse ] --START--
INFO: [ template_filter ] --START--
INFO: Run Behavior\ContentReplaceBehavior [ RunTime:0.000039s ]
INFO: [ template_filter ] --END-- [ RunTime:0.000080s ]
INFO: Run Behavior\ParseTemplateBehavior [ RunTime:0.006000s ]
INFO: [ view_parse ] --END-- [ RunTime:0.006038s ]
INFO: [ view_filter ] --START--
INFO: Run Behavior\WriteHtmlCacheBehavior [ RunTime:0.000597s ]
INFO: [ view_filter ] --END-- [ RunTime:0.000625s ]
INFO: [ app_end ] --START--
INFO: Run Behavior\ShowPageTraceBehavior [ RunTime:0.000804s ]
INFO: [ app_end ] --END-- [ RunTime:0.000837s ]

[ 2016-12-07T15:12:31+08:00 ] 127.0.0.1 /index.php/home/index/index.html
INFO: [ app_init ] --START--
INFO: Run Behavior\BuildLiteBehavior [ RunTime:0.000023s ]
INFO: [ app_init ] --END-- [ RunTime:0.000962s ]
INFO: [ app_begin ] --START--
INFO: Run Behavior\ReadHtmlCacheBehavior [ RunTime:0.003328s ]
INFO: [ app_begin ] --END-- [ RunTime:0.003478s ]
SQL: SHOW COLUMNS FROM `ks_user` [ RunTime:0.0042s ]
SQL: SELECT * FROM `ks_user` WHERE `id` = 7 LIMIT 1   [ RunTime:0.0005s ]
SQL: SHOW COLUMNS FROM `ks_user_session` [ RunTime:0.0045s ]
SQL: SELECT * FROM `ks_user_session` WHERE `user_id` = 7 LIMIT 1   [ RunTime:0.0004s ]
SQL: SHOW COLUMNS FROM `ks_user` [ RunTime:0.0057s ]
SQL: UPDATE `ks_user` SET `time_length`=time_length-1 WHERE `id` = 7 [ RunTime:0.0005s ]
SQL: SHOW COLUMNS FROM `ks_user_session` [ RunTime:0.0050s ]
SQL: UPDATE `ks_user_session` SET `last_logout_time`='1481094751' WHERE `user_id` = 7 [ RunTime:0.0111s ]
SQL: select max(create_time) as max from ks_question  [ RunTime:0.0006s ]
SQL: SHOW COLUMNS FROM `ks_question` [ RunTime:0.0043s ]
SQL: SELECT * FROM `ks_question` WHERE `question_type` = 1  [ RunTime:0.0008s ]
SQL: SELECT * FROM `ks_question` WHERE `question_type` = 2  [ RunTime:0.0013s ]
INFO: [ view_parse ] --START--
INFO: [ template_filter ] --START--
INFO: Run Behavior\ContentReplaceBehavior [ RunTime:0.000181s ]
INFO: [ template_filter ] --END-- [ RunTime:0.000322s ]
INFO: Run Behavior\ParseTemplateBehavior [ RunTime:0.017908s ]
INFO: [ view_parse ] --END-- [ RunTime:0.018028s ]
INFO: [ view_filter ] --START--
INFO: Run Behavior\WriteHtmlCacheBehavior [ RunTime:0.001330s ]
INFO: [ view_filter ] --END-- [ RunTime:0.001401s ]
INFO: [ app_end ] --START--
INFO: Run Behavior\ShowPageTraceBehavior [ RunTime:0.001694s ]
INFO: [ app_end ] --END-- [ RunTime:0.001779s ]

[ 2016-12-07T15:12:37+08:00 ] 127.0.0.1 /Home/practice/index
INFO: [ app_init ] --START--
INFO: Run Behavior\BuildLiteBehavior [ RunTime:0.000012s ]
INFO: [ app_init ] --END-- [ RunTime:0.000553s ]
INFO: [ app_begin ] --START--
INFO: Run Behavior\ReadHtmlCacheBehavior [ RunTime:0.000878s ]
INFO: [ app_begin ] --END-- [ RunTime:0.000926s ]
SQL: SHOW COLUMNS FROM `ks_user` [ RunTime:0.0021s ]
SQL: SELECT * FROM `ks_user` WHERE `id` = 7 LIMIT 1   [ RunTime:0.0003s ]
SQL: SHOW COLUMNS FROM `ks_user_session` [ RunTime:0.0020s ]
SQL: SELECT * FROM `ks_user_session` WHERE `user_id` = 7 LIMIT 1   [ RunTime:0.0004s ]
SQL: SHOW COLUMNS FROM `ks_user` [ RunTime:0.0020s ]
SQL: UPDATE `ks_user` SET `time_length`=time_length-6 WHERE `id` = 7 [ RunTime:0.0003s ]
SQL: SHOW COLUMNS FROM `ks_user_session` [ RunTime:0.0028s ]
SQL: UPDATE `ks_user_session` SET `last_logout_time`='1481094757' WHERE `user_id` = 7 [ RunTime:0.0475s ]
SQL: SHOW COLUMNS FROM `ks_system` [ RunTime:0.0087s ]
SQL: SELECT * FROM `ks_system` WHERE `id` = 1 LIMIT 1   [ RunTime:0.0006s ]
SQL: select max(create_time) as max from ks_question  [ RunTime:0.0005s ]
SQL: SHOW COLUMNS FROM `ks_question` [ RunTime:0.0048s ]
SQL: SELECT * FROM `ks_question` WHERE `question_type` = 1  [ RunTime:0.0007s ]
SQL: SELECT * FROM `ks_question` WHERE `question_type` = 2  [ RunTime:0.0013s ]
INFO: [ view_parse ] --START--
INFO: [ template_filter ] --START--
INFO: Run Behavior\ContentReplaceBehavior [ RunTime:0.000154s ]
INFO: [ template_filter ] --END-- [ RunTime:0.000295s ]
INFO: Run Behavior\ParseTemplateBehavior [ RunTime:0.021489s ]
INFO: [ view_parse ] --END-- [ RunTime:0.021648s ]
INFO: [ view_filter ] --START--
INFO: Run Behavior\WriteHtmlCacheBehavior [ RunTime:0.001498s ]
INFO: [ view_filter ] --END-- [ RunTime:0.001584s ]
INFO: [ app_end ] --START--
INFO: Run Behavior\ShowPageTraceBehavior [ RunTime:0.002363s ]
INFO: [ app_end ] --END-- [ RunTime:0.002476s ]

[ 2016-12-07T15:12:39+08:00 ] 127.0.0.1 /home/practice/beforeStartPractice?category=3
INFO: [ app_init ] --START--
INFO: Run Behavior\BuildLiteBehavior [ RunTime:0.000012s ]
INFO: [ app_init ] --END-- [ RunTime:0.000586s ]
INFO: [ app_begin ] --START--
INFO: Run Behavior\ReadHtmlCacheBehavior [ RunTime:0.000917s ]
INFO: [ app_begin ] --END-- [ RunTime:0.000990s ]
SQL: SHOW COLUMNS FROM `ks_user` [ RunTime:0.0030s ]
SQL: SELECT * FROM `ks_user` WHERE `id` = 7 LIMIT 1   [ RunTime:0.0004s ]
SQL: SHOW COLUMNS FROM `ks_user_session` [ RunTime:0.0031s ]
SQL: SELECT * FROM `ks_user_session` WHERE `user_id` = 7 LIMIT 1   [ RunTime:0.0003s ]
SQL: SHOW COLUMNS FROM `ks_user` [ RunTime:0.0030s ]
SQL: UPDATE `ks_user` SET `time_length`=time_length-2 WHERE `id` = 7 [ RunTime:0.0006s ]
SQL: SHOW COLUMNS FROM `ks_user_session` [ RunTime:0.0030s ]
SQL: UPDATE `ks_user_session` SET `last_logout_time`='1481094759' WHERE `user_id` = 7 [ RunTime:0.0070s ]
SQL: select max(create_time) as max from ks_question  [ RunTime:0.0004s ]
SQL: SHOW COLUMNS FROM `ks_system` [ RunTime:0.0044s ]
SQL: SELECT * FROM `ks_system` WHERE `id` = 1 LIMIT 1   [ RunTime:0.0004s ]
SQL: SHOW COLUMNS FROM `ks_user_permission` [ RunTime:0.0188s ]
SQL: SELECT * FROM `ks_user_permission` WHERE `uid` = 7 LIMIT 1   [ RunTime:0.0004s ]
INFO: [ view_parse ] --START--
INFO: [ template_filter ] --START--
INFO: Run Behavior\ContentReplaceBehavior [ RunTime:0.000089s ]
INFO: [ template_filter ] --END-- [ RunTime:0.000184s ]
INFO: Run Behavior\ParseTemplateBehavior [ RunTime:0.012817s ]
INFO: [ view_parse ] --END-- [ RunTime:0.012905s ]
INFO: [ view_filter ] --START--
INFO: Run Behavior\WriteHtmlCacheBehavior [ RunTime:0.001193s ]
INFO: [ view_filter ] --END-- [ RunTime:0.001262s ]
INFO: [ app_end ] --START--
INFO: Run Behavior\ShowPageTraceBehavior [ RunTime:0.001396s ]
INFO: [ app_end ] --END-- [ RunTime:0.001461s ]

[ 2016-12-07T15:12:41+08:00 ] 127.0.0.1 /home/practice/selectQuestionType?category=3&chapter=4
INFO: [ app_init ] --START--
INFO: Run Behavior\BuildLiteBehavior [ RunTime:0.000012s ]
INFO: [ app_init ] --END-- [ RunTime:0.000585s ]
INFO: [ app_begin ] --START--
INFO: Run Behavior\ReadHtmlCacheBehavior [ RunTime:0.000910s ]
INFO: [ app_begin ] --END-- [ RunTime:0.000957s ]
SQL: SHOW COLUMNS FROM `ks_user` [ RunTime:0.0021s ]
SQL: SELECT * FROM `ks_user` WHERE `id` = 7 LIMIT 1   [ RunTime:0.0004s ]
SQL: SHOW COLUMNS FROM `ks_user_session` [ RunTime:0.0021s ]
SQL: SELECT * FROM `ks_user_session` WHERE `user_id` = 7 LIMIT 1   [ RunTime:0.0002s ]
SQL: SHOW COLUMNS FROM `ks_user` [ RunTime:0.0026s ]
SQL: UPDATE `ks_user` SET `time_length`=time_length-2 WHERE `id` = 7 [ RunTime:0.0002s ]
SQL: SHOW COLUMNS FROM `ks_user_session` [ RunTime:0.0020s ]
SQL: UPDATE `ks_user_session` SET `last_logout_time`='1481094761' WHERE `user_id` = 7 [ RunTime:0.0205s ]
SQL: select max(create_time) as max from ks_question  [ RunTime:0.0002s ]
INFO: [ view_parse ] --START--
INFO: [ template_filter ] --START--
INFO: Run Behavior\ContentReplaceBehavior [ RunTime:0.000086s ]
INFO: [ template_filter ] --END-- [ RunTime:0.000174s ]
INFO: Run Behavior\ParseTemplateBehavior [ RunTime:0.019190s ]
INFO: [ view_parse ] --END-- [ RunTime:0.019252s ]
INFO: [ view_filter ] --START--
INFO: Run Behavior\WriteHtmlCacheBehavior [ RunTime:0.000745s ]
INFO: [ view_filter ] --END-- [ RunTime:0.000787s ]
INFO: [ app_end ] --START--
INFO: Run Behavior\ShowPageTraceBehavior [ RunTime:0.000906s ]
INFO: [ app_end ] --END-- [ RunTime:0.000962s ]

[ 2016-12-07T15:12:43+08:00 ] 127.0.0.1 /home/practice/startPractice?category=3&chapter=4&question_type=1
INFO: [ app_init ] --START--
INFO: Run Behavior\BuildLiteBehavior [ RunTime:0.000012s ]
INFO: [ app_init ] --END-- [ RunTime:0.000744s ]
INFO: [ app_begin ] --START--
INFO: Run Behavior\ReadHtmlCacheBehavior [ RunTime:0.000921s ]
INFO: [ app_begin ] --END-- [ RunTime:0.000973s ]
SQL: SHOW COLUMNS FROM `ks_user` [ RunTime:0.0022s ]
SQL: SELECT * FROM `ks_user` WHERE `id` = 7 LIMIT 1   [ RunTime:0.0003s ]
SQL: SHOW COLUMNS FROM `ks_user_session` [ RunTime:0.0032s ]
SQL: SELECT * FROM `ks_user_session` WHERE `user_id` = 7 LIMIT 1   [ RunTime:0.0004s ]
SQL: SHOW COLUMNS FROM `ks_user` [ RunTime:0.0030s ]
SQL: UPDATE `ks_user` SET `time_length`=time_length-2 WHERE `id` = 7 [ RunTime:0.0004s ]
SQL: SHOW COLUMNS FROM `ks_user_session` [ RunTime:0.0032s ]
SQL: UPDATE `ks_user_session` SET `last_logout_time`='1481094763' WHERE `user_id` = 7 [ RunTime:0.0015s ]
SQL: SHOW COLUMNS FROM `ks_question` [ RunTime:0.0035s ]
SQL: SELECT `id` FROM `ks_question` WHERE `category` = 3 AND `chapter` = 4 AND `question_type` = 1  [ RunTime:0.0004s ]
SQL: SHOW COLUMNS FROM `ks_user_result` [ RunTime:0.0205s ]
SQL: SELECT * FROM `ks_user_result` WHERE ( user_id = 7 ) LIMIT 1   [ RunTime:0.0004s ]
NOTIC: [8] Undefined offset: 0 E:\xampp\htdocs\kaoshixitong.com\Application\Home\Controller\PracticeController.class.php 第 97 行.
SQL: SELECT * FROM `ks_question` WHERE `id` = null  [ RunTime:0.0004s ]
NOTIC: [8] Undefined index:  E:\xampp\htdocs\kaoshixitong.com\Application\Home\Model\QuestionModel.class.php 第 11 行.
NOTIC: [2] shuffle() expects parameter 1 to be array, null given E:\xampp\htdocs\kaoshixitong.com\Application\Home\Model\QuestionModel.class.php 第 12 行.
INFO: [ view_parse ] --START--
INFO: [ template_filter ] --START--
INFO: Run Behavior\ContentReplaceBehavior [ RunTime:0.000583s ]
INFO: [ template_filter ] --END-- [ RunTime:0.000727s ]
NOTIC: [8] Undefined index: id E:\xampp\htdocs\kaoshixitong.com\Application\Runtime\Cache\Home\cfe78fc546d1606dcfeac86d0e094227.php 第 233 行.
INFO: Run Behavior\ParseTemplateBehavior [ RunTime:0.045839s ]
INFO: [ view_parse ] --END-- [ RunTime:0.045983s ]
INFO: [ view_filter ] --START--
INFO: Run Behavior\WriteHtmlCacheBehavior [ RunTime:0.002163s ]
INFO: [ view_filter ] --END-- [ RunTime:0.002276s ]
INFO: [ app_end ] --START--
INFO: Run Behavior\ShowPageTraceBehavior [ RunTime:0.005476s ]
INFO: [ app_end ] --END-- [ RunTime:0.005681s ]

[ 2016-12-07T15:12:51+08:00 ] 127.0.0.1 /index.php/home/index/index.html
INFO: [ app_init ] --START--
INFO: Run Behavior\BuildLiteBehavior [ RunTime:0.000037s ]
INFO: [ app_init ] --END-- [ RunTime:0.001172s ]
INFO: [ app_begin ] --START--
INFO: Run Behavior\ReadHtmlCacheBehavior [ RunTime:0.002364s ]
INFO: [ app_begin ] --END-- [ RunTime:0.002489s ]
SQL: SHOW COLUMNS FROM `ks_user` [ RunTime:0.0049s ]
SQL: SELECT * FROM `ks_user` WHERE `id` = 7 LIMIT 1   [ RunTime:0.0006s ]
SQL: SHOW COLUMNS FROM `ks_user_session` [ RunTime:0.0041s ]
SQL: SELECT * FROM `ks_user_session` WHERE `user_id` = 7 LIMIT 1   [ RunTime:0.0004s ]
SQL: SHOW COLUMNS FROM `ks_user` [ RunTime:0.0038s ]
SQL: UPDATE `ks_user` SET `time_length`=time_length-8 WHERE `id` = 7 [ RunTime:0.0004s ]
SQL: SHOW COLUMNS FROM `ks_user_session` [ RunTime:0.0041s ]
SQL: UPDATE `ks_user_session` SET `last_logout_time`='1481094771' WHERE `user_id` = 7 [ RunTime:0.0512s ]
SQL: select max(create_time) as max from ks_question  [ RunTime:0.0007s ]
SQL: SHOW COLUMNS FROM `ks_question` [ RunTime:0.0062s ]
SQL: SELECT * FROM `ks_question` WHERE `question_type` = 1  [ RunTime:0.0009s ]
SQL: SELECT * FROM `ks_question` WHERE `question_type` = 2  [ RunTime:0.0016s ]
INFO: [ view_parse ] --START--
INFO: [ template_filter ] --START--
INFO: Run Behavior\ContentReplaceBehavior [ RunTime:0.000182s ]
INFO: [ template_filter ] --END-- [ RunTime:0.000332s ]
INFO: Run Behavior\ParseTemplateBehavior [ RunTime:0.028843s ]
INFO: [ view_parse ] --END-- [ RunTime:0.029043s ]
INFO: [ view_filter ] --START--
INFO: Run Behavior\WriteHtmlCacheBehavior [ RunTime:0.002737s ]
INFO: [ view_filter ] --END-- [ RunTime:0.002858s ]
INFO: [ app_end ] --START--
INFO: Run Behavior\ShowPageTraceBehavior [ RunTime:0.003399s ]
INFO: [ app_end ] --END-- [ RunTime:0.003547s ]

[ 2016-12-07T15:12:53+08:00 ] 127.0.0.1 /Home/test/index
INFO: [ app_init ] --START--
INFO: Run Behavior\BuildLiteBehavior [ RunTime:0.000014s ]
INFO: [ app_init ] --END-- [ RunTime:0.000592s ]
INFO: [ app_begin ] --START--
INFO: Run Behavior\ReadHtmlCacheBehavior [ RunTime:0.000989s ]
INFO: [ app_begin ] --END-- [ RunTime:0.001041s ]
SQL: SHOW COLUMNS FROM `ks_user` [ RunTime:0.0030s ]
SQL: SELECT * FROM `ks_user` WHERE `id` = 7 LIMIT 1   [ RunTime:0.0003s ]
SQL: SHOW COLUMNS FROM `ks_user_session` [ RunTime:0.0019s ]
SQL: SELECT * FROM `ks_user_session` WHERE `user_id` = 7 LIMIT 1   [ RunTime:0.0002s ]
SQL: SHOW COLUMNS FROM `ks_user` [ RunTime:0.0019s ]
SQL: UPDATE `ks_user` SET `time_length`=time_length-2 WHERE `id` = 7 [ RunTime:0.0003s ]
SQL: SHOW COLUMNS FROM `ks_user_session` [ RunTime:0.0019s ]
SQL: UPDATE `ks_user_session` SET `last_logout_time`='1481094773' WHERE `user_id` = 7 [ RunTime:0.0282s ]
SQL: SHOW COLUMNS FROM `ks_system` [ RunTime:0.0024s ]
SQL: SELECT * FROM `ks_system` WHERE `id` = 1 LIMIT 1   [ RunTime:0.0002s ]
SQL: select max(create_time) as max from ks_question  [ RunTime:0.0002s ]
SQL: SHOW COLUMNS FROM `ks_question` [ RunTime:0.0020s ]
SQL: SELECT * FROM `ks_question` WHERE `question_type` = 1  [ RunTime:0.0003s ]
SQL: SELECT * FROM `ks_question` WHERE `question_type` = 2  [ RunTime:0.0009s ]
INFO: [ view_parse ] --START--
INFO: [ template_filter ] --START--
INFO: Run Behavior\ContentReplaceBehavior [ RunTime:0.000057s ]
INFO: [ template_filter ] --END-- [ RunTime:0.000106s ]
INFO: Run Behavior\ParseTemplateBehavior [ RunTime:0.019130s ]
INFO: [ view_parse ] --END-- [ RunTime:0.019191s ]
INFO: [ view_filter ] --START--
INFO: Run Behavior\WriteHtmlCacheBehavior [ RunTime:0.000812s ]
INFO: [ view_filter ] --END-- [ RunTime:0.000850s ]
INFO: [ app_end ] --START--
INFO: Run Behavior\ShowPageTraceBehavior [ RunTime:0.001057s ]
INFO: [ app_end ] --END-- [ RunTime:0.001097s ]

[ 2016-12-07T15:12:55+08:00 ] 127.0.0.1 /index.php/home/test/startTest/no/1.html
INFO: [ app_init ] --START--
INFO: Run Behavior\BuildLiteBehavior [ RunTime:0.000013s ]
INFO: [ app_init ] --END-- [ RunTime:0.000576s ]
INFO: [ app_begin ] --START--
INFO: Run Behavior\ReadHtmlCacheBehavior [ RunTime:0.000981s ]
INFO: [ app_begin ] --END-- [ RunTime:0.001036s ]
SQL: SHOW COLUMNS FROM `ks_user` [ RunTime:0.0030s ]
SQL: SELECT * FROM `ks_user` WHERE `id` = 7 LIMIT 1   [ RunTime:0.0004s ]
SQL: SHOW COLUMNS FROM `ks_user_session` [ RunTime:0.0031s ]
SQL: SELECT * FROM `ks_user_session` WHERE `user_id` = 7 LIMIT 1   [ RunTime:0.0004s ]
SQL: SHOW COLUMNS FROM `ks_user` [ RunTime:0.0042s ]
SQL: UPDATE `ks_user` SET `time_length`=time_length-2 WHERE `id` = 7 [ RunTime:0.0003s ]
SQL: SHOW COLUMNS FROM `ks_user_session` [ RunTime:0.0028s ]
SQL: UPDATE `ks_user_session` SET `last_logout_time`='1481094775' WHERE `user_id` = 7 [ RunTime:0.0052s ]
SQL: SHOW COLUMNS FROM `ks_question` [ RunTime:0.0041s ]
SQL: SELECT `id` FROM `ks_question` WHERE `category` = 1 AND `question_type` = 1 LIMIT 0,1000   [ RunTime:0.0005s ]
SQL: SELECT `id` FROM `ks_question` WHERE `category` = 2 AND `question_type` = 1 LIMIT 0,1000   [ RunTime:0.0003s ]
SQL: SELECT `id` FROM `ks_question` WHERE `category` = 1 AND `question_type` = 2 LIMIT 0,1000   [ RunTime:0.0003s ]
SQL: SELECT `id` FROM `ks_question` WHERE `category` = 2 AND `question_type` = 2 LIMIT 0,1000   [ RunTime:0.0003s ]
INFO: [ view_parse ] --START--
INFO: [ template_filter ] --START--
INFO: Run Behavior\ContentReplaceBehavior [ RunTime:0.000199s ]
INFO: [ template_filter ] --END-- [ RunTime:0.000267s ]
INFO: Run Behavior\ParseTemplateBehavior [ RunTime:0.019669s ]
INFO: [ view_parse ] --END-- [ RunTime:0.019749s ]
INFO: [ view_filter ] --START--
INFO: Run Behavior\WriteHtmlCacheBehavior [ RunTime:0.001291s ]
INFO: [ view_filter ] --END-- [ RunTime:0.001355s ]
INFO: [ app_end ] --START--
INFO: Run Behavior\ShowPageTraceBehavior [ RunTime:0.002224s ]
INFO: [ app_end ] --END-- [ RunTime:0.002321s ]

[ 2016-12-07T15:12:55+08:00 ] 127.0.0.1 /home/Test/ajaxGetQuestion
INFO: [ app_init ] --START--
INFO: Run Behavior\BuildLiteBehavior [ RunTime:0.000018s ]
INFO: [ app_init ] --END-- [ RunTime:0.001003s ]
INFO: [ app_begin ] --START--
INFO: Run Behavior\ReadHtmlCacheBehavior [ RunTime:0.001593s ]
INFO: [ app_begin ] --END-- [ RunTime:0.001729s ]
SQL: SHOW COLUMNS FROM `ks_user` [ RunTime:0.0029s ]
SQL: SELECT * FROM `ks_user` WHERE `id` = 7 LIMIT 1   [ RunTime:0.0003s ]
SQL: SHOW COLUMNS FROM `ks_user_session` [ RunTime:0.0027s ]
SQL: SELECT * FROM `ks_user_session` WHERE `user_id` = 7 LIMIT 1   [ RunTime:0.0003s ]
SQL: SHOW COLUMNS FROM `ks_user` [ RunTime:0.0026s ]
SQL: UPDATE `ks_user` SET `time_length`=time_length-0 WHERE `id` = 7 [ RunTime:0.0003s ]
SQL: SHOW COLUMNS FROM `ks_user_session` [ RunTime:0.0027s ]
SQL: UPDATE `ks_user_session` SET `last_logout_time`='1481094775' WHERE `user_id` = 7 [ RunTime:0.0013s ]
SQL: SHOW COLUMNS FROM `ks_question` [ RunTime:0.0027s ]
SQL: SELECT * FROM `ks_question` WHERE `id` = 52  [ RunTime:0.0004s ]
SQL: SHOW COLUMNS FROM `ks_question_stem` [ RunTime:0.0182s ]
SQL: SELECT * FROM `ks_question_stem` WHERE `question_id` IN ('52')  [ RunTime:0.0006s ]
NOTIC: [8] Undefined variable: status E:\xampp\htdocs\kaoshixitong.com\Application\Home\Controller\TestController.class.php 第 50 行.

[ 2016-12-07T15:13:04+08:00 ] 127.0.0.1 /home/test/handletest
INFO: [ app_init ] --START--
INFO: Run Behavior\BuildLiteBehavior [ RunTime:0.000012s ]
INFO: [ app_init ] --END-- [ RunTime:0.000415s ]
INFO: [ app_begin ] --START--
INFO: Run Behavior\ReadHtmlCacheBehavior [ RunTime:0.000687s ]
INFO: [ app_begin ] --END-- [ RunTime:0.000732s ]
SQL: SHOW COLUMNS FROM `ks_user` [ RunTime:0.0021s ]
SQL: SELECT * FROM `ks_user` WHERE `id` = 7 LIMIT 1   [ RunTime:0.0005s ]
SQL: SHOW COLUMNS FROM `ks_user_session` [ RunTime:0.0021s ]
SQL: SELECT * FROM `ks_user_session` WHERE `user_id` = 7 LIMIT 1   [ RunTime:0.0002s ]
SQL: SHOW COLUMNS FROM `ks_user` [ RunTime:0.0020s ]
SQL: UPDATE `ks_user` SET `time_length`=time_length-9 WHERE `id` = 7 [ RunTime:0.0002s ]
SQL: SHOW COLUMNS FROM `ks_user_session` [ RunTime:0.0019s ]
SQL: UPDATE `ks_user_session` SET `last_logout_time`='1481094784' WHERE `user_id` = 7 [ RunTime:0.0236s ]

[ 2016-12-07T15:13:04+08:00 ] 127.0.0.1 /home/Test/ajaxGetQuestion
INFO: [ app_init ] --START--
INFO: Run Behavior\BuildLiteBehavior [ RunTime:0.000012s ]
INFO: [ app_init ] --END-- [ RunTime:0.000497s ]
INFO: [ app_begin ] --START--
INFO: Run Behavior\ReadHtmlCacheBehavior [ RunTime:0.000727s ]
INFO: [ app_begin ] --END-- [ RunTime:0.000775s ]
SQL: SHOW COLUMNS FROM `ks_user` [ RunTime:0.0020s ]
SQL: SELECT * FROM `ks_user` WHERE `id` = 7 LIMIT 1   [ RunTime:0.0004s ]
SQL: SHOW COLUMNS FROM `ks_user_session` [ RunTime:0.0020s ]
SQL: SELECT * FROM `ks_user_session` WHERE `user_id` = 7 LIMIT 1   [ RunTime:0.0002s ]
SQL: SHOW COLUMNS FROM `ks_user` [ RunTime:0.0019s ]
SQL: UPDATE `ks_user` SET `time_length`=time_length-0 WHERE `id` = 7 [ RunTime:0.0002s ]
SQL: SHOW COLUMNS FROM `ks_user_session` [ RunTime:0.0019s ]
SQL: UPDATE `ks_user_session` SET `last_logout_time`='1481094784' WHERE `user_id` = 7 [ RunTime:0.0071s ]
SQL: SHOW COLUMNS FROM `ks_question` [ RunTime:0.0022s ]
SQL: SELECT * FROM `ks_question` WHERE `id` = 53  [ RunTime:0.0003s ]
SQL: SHOW COLUMNS FROM `ks_question_stem` [ RunTime:0.0019s ]
SQL: SELECT * FROM `ks_question_stem` WHERE `question_id` IN ('53')  [ RunTime:0.0003s ]
NOTIC: [8] Undefined variable: status E:\xampp\htdocs\kaoshixitong.com\Application\Home\Controller\TestController.class.php 第 50 行.

